{
  "RSpec": {
    "coverage": {
      "/home/developer/Desktop/Project/medium16/medium/app/controllers/application_controller.rb": {
        "lines": [
          null,
          null,
          null,
          1,
          1,
          null,
          1,
          1,
          1,
          null,
          null
        ]
      },
      "/home/developer/Desktop/Project/medium16/medium/app/helpers/application_helper.rb": {
        "lines": [
          1,
          null
        ]
      },
      "/home/developer/Desktop/Project/medium16/medium/app/helpers/api_helper.rb": {
        "lines": [
          1,
          null
        ]
      },
      "/home/developer/Desktop/Project/medium16/medium/app/helpers/attenders_helper.rb": {
        "lines": [
          1,
          null
        ]
      },
      "/home/developer/Desktop/Project/medium16/medium/app/helpers/auth_helper.rb": {
        "lines": [
          1,
          null
        ]
      },
      "/home/developer/Desktop/Project/medium16/medium/app/helpers/comments_helper.rb": {
        "lines": [
          1,
          null
        ]
      },
      "/home/developer/Desktop/Project/medium16/medium/app/helpers/events_helper.rb": {
        "lines": [
          1,
          null
        ]
      },
      "/home/developer/Desktop/Project/medium16/medium/app/helpers/home_helper.rb": {
        "lines": [
          1,
          null
        ]
      },
      "/home/developer/Desktop/Project/medium16/medium/app/helpers/organizers_helper.rb": {
        "lines": [
          1,
          null
        ]
      },
      "/home/developer/Desktop/Project/medium16/medium/app/helpers/secrets_helper.rb": {
        "lines": [
          1,
          null
        ]
      },
      "/home/developer/Desktop/Project/medium16/medium/app/helpers/tickets_helper.rb": {
        "lines": [
          1,
          null
        ]
      },
      "/home/developer/Desktop/Project/medium16/medium/app/helpers/users_helper.rb": {
        "lines": [
          1,
          null
        ]
      },
      "/home/developer/Desktop/Project/medium16/medium/app/models/admin_user.rb": {
        "lines": [
          1,
          null,
          null,
          1,
          null,
          null
        ]
      },
      "/home/developer/Desktop/Project/medium16/medium/app/models/application_record.rb": {
        "lines": [
          null,
          null,
          null,
          1,
          1,
          null
        ]
      },
      "/home/developer/Desktop/Project/medium16/medium/app/admin/admin_users.rb": {
        "lines": [
          1,
          1,
          null,
          1,
          0,
          0,
          0,
          0,
          0,
          0,
          0,
          null,
          null,
          1,
          1,
          1,
          1,
          null,
          1,
          0,
          0,
          0,
          0,
          null,
          0,
          null,
          null,
          null
        ]
      },
      "/home/developer/Desktop/Project/medium16/medium/app/admin/dashboard.rb": {
        "lines": [
          null,
          1,
          1,
          null,
          1,
          0,
          0,
          0,
          0,
          null,
          null,
          null,
          null,
          null,
          null,
          null,
          null,
          null,
          null,
          null,
          null,
          null,
          null,
          null,
          null,
          null,
          null,
          null,
          null,
          null,
          null,
          null,
          null
        ]
      },
      "/home/developer/Desktop/Project/medium16/medium/app/admin/events.rb": {
        "lines": [
          1,
          null,
          null,
          null,
          null,
          null,
          null,
          1,
          null,
          null,
          null,
          null,
          null,
          null,
          null,
          null,
          null,
          null
        ]
      },
      "/home/developer/Desktop/Project/medium16/medium/app/models/event.rb": {
        "lines": [
          null,
          null,
          null,
          1,
          1,
          1,
          1,
          1,
          1,
          null,
          null,
          null,
          null,
          null,
          1,
          1,
          null,
          1,
          1,
          null,
          null
        ]
      },
      "/home/developer/Desktop/Project/medium16/medium/app/models/user.rb": {
        "lines": [
          null,
          null,
          null,
          1,
          1,
          1,
          1,
          1,
          1,
          1,
          1,
          1,
          null,
          1,
          null,
          1,
          50,
          null,
          null,
          1,
          0,
          null,
          null,
          null,
          1,
          null,
          1,
          44,
          null,
          null,
          null
        ]
      },
      "/home/developer/Desktop/Project/medium16/medium/app/controllers/api/v1/events_controller.rb": {
        "lines": [
          1,
          1,
          1,
          null,
          1,
          1,
          1,
          null,
          null,
          1,
          1,
          1,
          null,
          null,
          1,
          1,
          1,
          1,
          1,
          null,
          null,
          null,
          null,
          null,
          null,
          null,
          1,
          2,
          2,
          2,
          null,
          0,
          null,
          null,
          null,
          1,
          1,
          1,
          1,
          null,
          null,
          1,
          null,
          1,
          3,
          null,
          null
        ]
      },
      "/home/developer/Desktop/Project/medium16/medium/app/controllers/api_controller.rb": {
        "lines": [
          null,
          null,
          null,
          1,
          1,
          null,
          1,
          8,
          8,
          8,
          8,
          null,
          null,
          null,
          null,
          1,
          6,
          null,
          null
        ]
      },
      "/home/developer/Desktop/Project/medium16/medium/app/controllers/api/v1/users_controller.rb": {
        "lines": [
          null,
          1,
          1,
          null,
          1,
          1,
          1,
          null,
          null,
          1,
          1,
          1,
          null,
          null,
          1,
          2,
          2,
          1,
          1,
          null,
          1,
          null,
          null,
          null,
          1,
          2,
          2,
          1,
          1,
          null,
          1,
          null,
          null,
          null,
          1,
          1,
          1,
          1,
          null,
          null,
          null,
          null,
          null,
          null,
          null,
          null,
          null,
          null,
          null,
          null,
          null,
          null,
          null,
          null,
          1,
          1,
          1,
          1,
          null,
          null,
          1,
          null,
          1,
          3,
          null,
          null
        ]
      },
      "/home/developer/Desktop/Project/medium16/medium/app/controllers/comments_controller.rb": {
        "lines": [
          null,
          null,
          null,
          1,
          null,
          null,
          null,
          null,
          null,
          null,
          null,
          null,
          null,
          null,
          null,
          1,
          1,
          1,
          1,
          1,
          1,
          1,
          null,
          null,
          null,
          null,
          null,
          1,
          1,
          1,
          1,
          1,
          null,
          null,
          1,
          null,
          1,
          1,
          null,
          null
        ]
      },
      "/home/developer/Desktop/Project/medium16/medium/app/controllers/events_controller.rb": {
        "lines": [
          null,
          null,
          null,
          1,
          1,
          1,
          1,
          null,
          null,
          1,
          2,
          null,
          null,
          1,
          1,
          1,
          1,
          1,
          null,
          null,
          1,
          1,
          null,
          null,
          1,
          1,
          1,
          1,
          null,
          0,
          null,
          null,
          null,
          1,
          1,
          1,
          1,
          null,
          null,
          1,
          null,
          1,
          2,
          null,
          null
        ]
      },
      "/home/developer/Desktop/Project/medium16/medium/app/controllers/home_controller.rb": {
        "lines": [
          null,
          null,
          null,
          1,
          1,
          2,
          2,
          null,
          null,
          2,
          2,
          1,
          null,
          1,
          null,
          null,
          null,
          null
        ]
      },
      "/home/developer/Desktop/Project/medium16/medium/app/controllers/tickets_controller.rb": {
        "lines": [
          null,
          null,
          null,
          1,
          null,
          1,
          1,
          1,
          1,
          1,
          1,
          2,
          1,
          null,
          1,
          null,
          null,
          null,
          null,
          1,
          1,
          null,
          null,
          1,
          2,
          2,
          2,
          2,
          null,
          0,
          0,
          null,
          null,
          null,
          1,
          3,
          3,
          3,
          2,
          1,
          1,
          1,
          1,
          null,
          0,
          null,
          null,
          null,
          1,
          null,
          null,
          null,
          1,
          1,
          1,
          1,
          null,
          null,
          null,
          null,
          1,
          null,
          1,
          1,
          1,
          1,
          1,
          1,
          1,
          null,
          null,
          null,
          null,
          1,
          2,
          null,
          null
        ]
      },
      "/home/developer/Desktop/Project/medium16/medium/app/controllers/users_controller.rb": {
        "lines": [
          null,
          null,
          null,
          1,
          1,
          0,
          0,
          0,
          null,
          null
        ]
      },
      "/home/developer/Desktop/Project/medium16/medium/app/models/comment.rb": {
        "lines": [
          null,
          null,
          null,
          1,
          1,
          1,
          1,
          1,
          1,
          null,
          null
        ]
      },
      "/home/developer/Desktop/Project/medium16/medium/app/models/ticket.rb": {
        "lines": [
          null,
          null,
          null,
          1,
          1,
          1,
          1,
          1,
          1,
          null,
          null
        ]
      },
      "/home/developer/Desktop/Project/medium16/medium/app/mailers/crud_notificaton_mailer.rb": {
        "lines": [
          1,
          1,
          1,
          1,
          null,
          1,
          null,
          null,
          null,
          null,
          null,
          1,
          44,
          44,
          null,
          null
        ]
      },
      "/home/developer/Desktop/Project/medium16/medium/app/mailers/application_mailer.rb": {
        "lines": [
          1,
          1,
          1,
          null
        ]
      },
      "/home/developer/Desktop/Project/medium16/medium/app/services/authentication_token_service.rb": {
        "lines": [
          null,
          null,
          null,
          1,
          1,
          8,
          8,
          8,
          null,
          null,
          1,
          8,
          null,
          0,
          null,
          null,
          1,
          2,
          null,
          2,
          null,
          null,
          null
        ]
      }
    },
    "timestamp": 1700141040
  }
}
